[
    {
        "QUERY PLAN": [
            {
                "Plan": {
                    "Alias": "users",
                    "Async Capable": false,
                    "Filter": "(name ~~* '%1%'::text)",
                    "Node Type": "Seq Scan",
                    "Parallel Aware": false,
                    "Plan Rows": 273,
                    "Plan Width": 39,
                    "Relation Name": "users",
                    "Startup Cost": 0.0,
                    "Total Cost": 22.5
                }
            }
        ]
    }
]