SelectStmt
├── targetList
│   └── ResTarget
│       └── ColumnRef
│           └── fields
│               ├── e
│               └── *
├── fromClause
│   └── JoinExpr
│       ├── jointype = JOIN_INNER
│       ├── larg = RangeVar
│       │   ├── relname = employees
│       │   ├── alias = e
│       └── rarg = RangeVar
│           ├── relname = ids
│           ├── alias = i
│       └── quals = A_Expr
│           ├── kind = AEXPR_OP
│           ├── name = "="
│           ├── lexpr = ColumnRef(e.employee_id)
│           └── rexpr = ColumnRef(i.id)
├── withClause
│   └── WithClause
│       ├── ctes
│       │   └── CommonTableExpr
│       │       ├── ctename = ids
│       │       ├── aliascolnames = (id)
│       │       └── ctequery = SelectStmt
│       │           └── valuesLists
│       │               ├── (101)
│       │               ├── (102)
│       │               └── (103)
└── op = SETOP_NONE